MPASM  5.50                         SNAKE.ASM   11-5-2019  6:19:06         PAGE  1


LOC  OBJECT CODE     LINE SOURCE TEXT
  VALUE

Warning[205]: Found directive in column 1. (list)
                      00001 list            p=16f877A       
                      00002 #include        <p16f877A.inc>  
                      00001         LIST
                      00002 
                      00003 ;==========================================================================
                      00004 ;  MPASM PIC16F877A processor include
                      00005 ; 
                      00006 ;  (c) Copyright 1999-2013 Microchip Technology, All rights reserved
                      00007 ;==========================================================================
                      00008 
                      00566         LIST
Warning[205]: Found directive in column 1. (__CONFIG)
2007   3F31           00003 __CONFIG H'3F31'
                      00004 
                      00005 ; WDT, ossilatör gibi register ayarlar?
  0000007D            00006 w_temp          EQU     0x7D            
  0000007E            00007 status_temp     EQU     0x7E            
  0000007F            00008 pclath_temp     EQU     0x7F    
                      00009 
  00000020            00010 GECIKME1 EQU 0x20    ;GEC?KME 1. DONGU
  00000021            00011 GECIKME2 EQU 0x21    ;GECIKME 2. DONGU
  00000022            00012 GECIKME3 EQU 0x22    ;GECIKME 3.DONGU
  00000035            00013 ARKAB    EQU 0X35
  00000036            00014 ARKAC    EQU 0X36
  00000037            00015 ORTAB    EQU 0X37        
  00000038            00016 ORTAC    EQU 0X38    
  00000039            00017 BASB     EQU 0X39
  00000040            00018 BASC     EQU 0X40
  00000041            00019 USTTASMA EQU 0X41
  00000042            00020 ALTTASMA EQU 0X42
  00000043            00021 SOLTASMA EQU 0X43
  00000044            00022 SAGTASMA EQU 0X44
                      00023 
Warning[205]: Found directive in column 1. (ORG)
0000                  00024 ORG 0X00
Warning[203]: Found opcode in column 1. (GOTO)
0000   2805           00025 GOTO SETUP
Warning[205]: Found directive in column 1. (ORG)
0004                  00026 ORG 0X04
Warning[203]: Found opcode in column 1. (GOTO)
0004   289F           00027 GOTO KESME
                      00028 
0005                  00029 SETUP
Warning[205]: Found directive in column 1. (BANKSEL)
0005   1683 1303      00030 BANKSEL ADCON1
Warning[203]: Found opcode in column 1. (MOVLW)
0007   3006           00031 MOVLW 0X06
Warning[203]: Found opcode in column 1. (MOVWF)
Message[302]: Register in operand not in bank 0.  Ensure that bank bits are correct.
0008   009F           00032 MOVWF ADCON1
Warning[205]: Found directive in column 1. (BANKSEL)
0009   1683 1303      00033 BANKSEL TRISA
MPASM  5.50                         SNAKE.ASM   11-5-2019  6:19:06         PAGE  2


LOC  OBJECT CODE     LINE SOURCE TEXT
  VALUE

Warning[203]: Found opcode in column 1. (MOVLW)
000B   30FF           00034 MOVLW B'11111111'
Warning[203]: Found opcode in column 1. (MOVWF)
Message[302]: Register in operand not in bank 0.  Ensure that bank bits are correct.
000C   0085           00035 MOVWF TRISA
Warning[205]: Found directive in column 1. (BANKSEL)
000D   1683 1303      00036 BANKSEL TRISB
Warning[203]: Found opcode in column 1. (CLRF)
Message[302]: Register in operand not in bank 0.  Ensure that bank bits are correct.
000F   0186           00037 CLRF TRISB
Warning[205]: Found directive in column 1. (BANKSEL)
0010   1683 1303      00038 BANKSEL TRISC
Warning[203]: Found opcode in column 1. (CLRF)
Message[302]: Register in operand not in bank 0.  Ensure that bank bits are correct.
0012   0187           00039 CLRF TRISC
Warning[205]: Found directive in column 1. (BANKSEL)
0013   1283 1303      00040 BANKSEL PORTB
Warning[203]: Found opcode in column 1. (CLRF)
0015   0186           00041 CLRF PORTB
Warning[205]: Found directive in column 1. (BANKSEL)
0016   1283 1303      00042 BANKSEL PORTC
Warning[203]: Found opcode in column 1. (CLRF)
0018   0187           00043 CLRF PORTC
Warning[203]: Found opcode in column 1. (GOTO)
0019   281A           00044 GOTO ILKKURULUM
                      00045 
001A                  00046 ILKKURULUM
Warning[203]: Found opcode in column 1. (MOVLW)
001A   3080           00047 MOVLW B'10000000'
Warning[203]: Found opcode in column 1. (MOVWF)
001B   00C1           00048 MOVWF USTTASMA
Warning[203]: Found opcode in column 1. (MOVLW)
001C   3001           00049 MOVLW B'00000001'
Warning[203]: Found opcode in column 1. (MOVWF)
001D   00C2           00050 MOVWF ALTTASMA
Warning[203]: Found opcode in column 1. (MOVLW)
001E   3020           00051 MOVLW B'100000'
Warning[203]: Found opcode in column 1. (MOVWF)
001F   00C3           00052 MOVWF SOLTASMA
Warning[203]: Found opcode in column 1. (MOVLW)
0020   3001           00053 MOVLW B'000001'
Warning[203]: Found opcode in column 1. (MOVWF)
0021   00C4           00054 MOVWF SAGTASMA
Warning[203]: Found opcode in column 1. (MOVLW)
0022   3008           00055 MOVLW B'0001000';8 0000100
Warning[203]: Found opcode in column 1. (MOVWF)
0023   00B5           00056 MOVWF ARKAB
Warning[203]: Found opcode in column 1. (MOVLW)
0024   3001           00057 MOVLW B'0000001'
Warning[203]: Found opcode in column 1. (MOVWF)
0025   00B6           00058 MOVWF ARKAC
Warning[203]: Found opcode in column 1. (MOVLW)
0026   3008           00059 MOVLW B'0001000'
MPASM  5.50                         SNAKE.ASM   11-5-2019  6:19:06         PAGE  3


LOC  OBJECT CODE     LINE SOURCE TEXT
  VALUE

Warning[203]: Found opcode in column 1. (MOVWF)
0027   00B7           00060 MOVWF ORTAB
Warning[203]: Found opcode in column 1. (MOVLW)
0028   3002           00061 MOVLW B'0000010'
Warning[203]: Found opcode in column 1. (MOVWF)
0029   00B8           00062 MOVWF ORTAC
Warning[203]: Found opcode in column 1. (MOVLW)
002A   3008           00063 MOVLW B'0001000'
Warning[203]: Found opcode in column 1. (MOVWF)
002B   00B9           00064 MOVWF BASB
Warning[203]: Found opcode in column 1. (MOVLW)
002C   3004           00065 MOVLW B'0000100'
Warning[203]: Found opcode in column 1. (MOVWF)
002D   00C0           00066 MOVWF BASC
                      00067 
Warning[203]: Found opcode in column 1. (GOTO)
002E   282F           00068 GOTO BASLA
                      00069 
002F                  00070 BASLA
Warning[203]: Found opcode in column 1. (BCF)
002F   1103           00071 BCF STATUS,Z
Warning[203]: Found opcode in column 1. (BCF)
0030   1003           00072 BCF STATUS,C
                      00073 
Warning[203]: Found opcode in column 1. (BTFSS)
0031   1C05           00074 BTFSS PORTA,0 ;YUKARI
Warning[203]: Found opcode in column 1. (CALL)
0032   204A           00075 CALL YUKARI
Warning[203]: Found opcode in column 1. (BTFSS)
0033   1C85           00076 BTFSS PORTA,1 ;ASAGI
Warning[203]: Found opcode in column 1. (CALL)
0034   2059           00077 CALL ASAGI
Warning[203]: Found opcode in column 1. (BTFSS)
0035   1D05           00078 BTFSS PORTA,2 ;SOL
Warning[203]: Found opcode in column 1. (CALL)
0036   2068           00079 CALL SOL
Warning[203]: Found opcode in column 1. (BTFSS)
0037   1D85           00080 BTFSS PORTA,3 ;SAG
Warning[203]: Found opcode in column 1. (CALL)
0038   2077           00081 CALL SAG
Warning[203]: Found opcode in column 1. (CALL)
0039   2086           00082 CALL GECIKME
                      00083 
                      00084 ;arka kýsým
Warning[203]: Found opcode in column 1. (MOVF)
003A   0835           00085 MOVF ARKAB,W
Warning[203]: Found opcode in column 1. (MOVWF)
003B   0086           00086 MOVWF PORTB
Warning[203]: Found opcode in column 1. (MOVF)
003C   0836           00087 MOVF ARKAC,W
Warning[203]: Found opcode in column 1. (MOVWF)
003D   0087           00088 MOVWF PORTC
                      00089 ;
MPASM  5.50                         SNAKE.ASM   11-5-2019  6:19:06         PAGE  4


LOC  OBJECT CODE     LINE SOURCE TEXT
  VALUE

Warning[203]: Found opcode in column 1. (CALL)
003E   2086           00090 CALL GECIKME
                      00091 ;orta kýsým
Warning[203]: Found opcode in column 1. (MOVF)
003F   0837           00092 MOVF ORTAB,W
Warning[203]: Found opcode in column 1. (MOVWF)
0040   0086           00093 MOVWF PORTB
Warning[203]: Found opcode in column 1. (MOVF)
0041   0838           00094 MOVF ORTAC,W
Warning[203]: Found opcode in column 1. (MOVWF)
0042   0087           00095 MOVWF PORTC
                      00096 ;
Warning[203]: Found opcode in column 1. (CALL)
0043   2086           00097 CALL GECIKME
                      00098 ;baþ kýsým
Warning[203]: Found opcode in column 1. (MOVF)
0044   0839           00099 MOVF BASB,W
Warning[203]: Found opcode in column 1. (MOVWF)
0045   0086           00100 MOVWF PORTB
Warning[203]: Found opcode in column 1. (MOVF)
0046   0840           00101 MOVF BASC,W
Warning[203]: Found opcode in column 1. (MOVWF)
0047   0087           00102 MOVWF PORTC
Warning[203]: Found opcode in column 1. (CALL)
0048   2086           00103 CALL GECIKME
Warning[203]: Found opcode in column 1. (GOTO)
0049   282F           00104 GOTO BASLA
                      00105 
004A                  00106 YUKARI
Warning[203]: Found opcode in column 1. (MOVF)
004A   0837           00107 MOVF ORTAB,W
Warning[203]: Found opcode in column 1. (MOVWF)
004B   00B5           00108 MOVWF ARKAB
Warning[203]: Found opcode in column 1. (MOVF)
004C   0838           00109 MOVF ORTAC,W
Warning[203]: Found opcode in column 1. (MOVWF)
004D   00B6           00110 MOVWF ARKAC
Warning[203]: Found opcode in column 1. (MOVF)
004E   0839           00111 MOVF BASB,W
Warning[203]: Found opcode in column 1. (MOVWF)
004F   00B7           00112 MOVWF ORTAB
Warning[203]: Found opcode in column 1. (MOVF)
0050   0840           00113 MOVF BASC,W
Warning[203]: Found opcode in column 1. (MOVWF)
0051   00B8           00114 MOVWF ORTAC
Warning[203]: Found opcode in column 1. (BTFSC)
0052   1839           00115 BTFSC BASB,0
Warning[203]: Found opcode in column 1. (MOVF)
0053   0841           00116 MOVF USTTASMA,W
Warning[203]: Found opcode in column 1. (BTFSC)
0054   1839           00117 BTFSC BASB,0
Warning[203]: Found opcode in column 1. (MOVWF)
0055   00B9           00118 MOVWF BASB
MPASM  5.50                         SNAKE.ASM   11-5-2019  6:19:06         PAGE  5


LOC  OBJECT CODE     LINE SOURCE TEXT
  VALUE

Warning[203]: Found opcode in column 1. (RRF)
0056   0CB9           00119 RRF BASB,1
Warning[203]: Found opcode in column 1. (CALL)
0057   208F           00120 CALL BUTONGECIKME
Warning[203]: Found opcode in column 1. (RETURN)
0058   0008           00121 RETURN
                      00122 
0059                  00123 ASAGI
Warning[203]: Found opcode in column 1. (MOVF)
0059   0837           00124 MOVF ORTAB,W
Warning[203]: Found opcode in column 1. (MOVWF)
005A   00B5           00125 MOVWF ARKAB
Warning[203]: Found opcode in column 1. (MOVF)
005B   0838           00126 MOVF ORTAC,W
Warning[203]: Found opcode in column 1. (MOVWF)
005C   00B6           00127 MOVWF ARKAC
Warning[203]: Found opcode in column 1. (MOVF)
005D   0839           00128 MOVF BASB,W
Warning[203]: Found opcode in column 1. (MOVWF)
005E   00B7           00129 MOVWF ORTAB
Warning[203]: Found opcode in column 1. (MOVF)
005F   0840           00130 MOVF BASC,W
Warning[203]: Found opcode in column 1. (MOVWF)
0060   00B8           00131 MOVWF ORTAC
Warning[203]: Found opcode in column 1. (BTFSC)
0061   1B39           00132 BTFSC BASB,6
Warning[203]: Found opcode in column 1. (MOVF)
0062   0842           00133 MOVF ALTTASMA,W
Warning[203]: Found opcode in column 1. (BTFSC)
0063   1B39           00134 BTFSC BASB,6
Warning[203]: Found opcode in column 1. (MOVWF)
0064   00B9           00135 MOVWF BASB
Warning[203]: Found opcode in column 1. (RLF)
0065   0DB9           00136 RLF BASB,1
Warning[203]: Found opcode in column 1. (CALL)
0066   208F           00137 CALL BUTONGECIKME
Warning[203]: Found opcode in column 1. (RETURN)
0067   0008           00138 RETURN
                      00139 
0068                  00140 SOL
Warning[203]: Found opcode in column 1. (MOVF)
0068   0837           00141 MOVF ORTAB,W
Warning[203]: Found opcode in column 1. (MOVWF)
0069   00B5           00142 MOVWF ARKAB
Warning[203]: Found opcode in column 1. (MOVF)
006A   0838           00143 MOVF ORTAC,W
Warning[203]: Found opcode in column 1. (MOVWF)
006B   00B6           00144 MOVWF ARKAC
Warning[203]: Found opcode in column 1. (MOVF)
006C   0839           00145 MOVF BASB,W
Warning[203]: Found opcode in column 1. (MOVWF)
006D   00B7           00146 MOVWF ORTAB
Warning[203]: Found opcode in column 1. (MOVF)
MPASM  5.50                         SNAKE.ASM   11-5-2019  6:19:06         PAGE  6


LOC  OBJECT CODE     LINE SOURCE TEXT
  VALUE

006E   0840           00147 MOVF BASC,W
Warning[203]: Found opcode in column 1. (MOVWF)
006F   00B8           00148 MOVWF ORTAC
Warning[203]: Found opcode in column 1. (BTFSC)
0070   1840           00149 BTFSC BASC,0
Warning[203]: Found opcode in column 1. (MOVF)
0071   0843           00150 MOVF SOLTASMA,W
Warning[203]: Found opcode in column 1. (BTFSC)
0072   1840           00151 BTFSC BASC,0
Warning[203]: Found opcode in column 1. (MOVWF)
0073   00C0           00152 MOVWF BASC
Warning[203]: Found opcode in column 1. (RRF)
0074   0CC0           00153 RRF BASC,1
Warning[203]: Found opcode in column 1. (CALL)
0075   208F           00154 CALL BUTONGECIKME
Warning[203]: Found opcode in column 1. (RETURN)
0076   0008           00155 RETURN
                      00156 
0077                  00157 SAG
Warning[203]: Found opcode in column 1. (MOVF)
0077   0837           00158 MOVF ORTAB,W
Warning[203]: Found opcode in column 1. (MOVWF)
0078   00B5           00159 MOVWF ARKAB
Warning[203]: Found opcode in column 1. (MOVF)
0079   0838           00160 MOVF ORTAC,W
Warning[203]: Found opcode in column 1. (MOVWF)
007A   00B6           00161 MOVWF ARKAC
Warning[203]: Found opcode in column 1. (MOVF)
007B   0839           00162 MOVF BASB,W
Warning[203]: Found opcode in column 1. (MOVWF)
007C   00B7           00163 MOVWF ORTAB
Warning[203]: Found opcode in column 1. (MOVF)
007D   0840           00164 MOVF BASC,W
Warning[203]: Found opcode in column 1. (MOVWF)
007E   00B8           00165 MOVWF ORTAC
Warning[203]: Found opcode in column 1. (BTFSC)
007F   1AC0           00166 BTFSC BASC,5
Warning[203]: Found opcode in column 1. (MOVF)
0080   0844           00167 MOVF SAGTASMA,W
Warning[203]: Found opcode in column 1. (BTFSC)
0081   1AC0           00168 BTFSC BASC,5
Warning[203]: Found opcode in column 1. (MOVWF)
0082   00C0           00169 MOVWF BASC
Warning[203]: Found opcode in column 1. (RLF)
0083   0DC0           00170 RLF BASC,1
Warning[203]: Found opcode in column 1. (CALL)
0084   208F           00171 CALL BUTONGECIKME
Warning[203]: Found opcode in column 1. (RETURN)
0085   0008           00172 RETURN
                      00173 
                      00174 ;<100 ms
0086                  00175 GECIKME                 
0086   30E7           00176         MOVLW   0XE7
MPASM  5.50                         SNAKE.ASM   11-5-2019  6:19:06         PAGE  7


LOC  OBJECT CODE     LINE SOURCE TEXT
  VALUE

0087   00A0           00177         MOVWF   GECIKME1        
0088   3004           00178         MOVLW   0X04            
0089   00A1           00179         MOVWF   GECIKME2
008A                  00180 DONGU1
008A   0BA0           00181         DECFSZ  GECIKME1,1
008B   288D           00182         goto    $+2
008C   0BA1           00183         DECFSZ  GECIKME2,1
008D   288A           00184         GOTO    DONGU1
008E   0008           00185         RETURN
                      00186 
                      00187 ;0.5 s
008F                  00188 BUTONGECIKME                    
008F   3003           00189         MOVLW   0X03           
0090   00A0           00190         MOVWF   GECIKME1        
0091   3018           00191         MOVLW   0X18              
0092   00A1           00192         MOVWF   GECIKME2
0093   3002           00193         MOVLW   0X02                  
0094   00A2           00194         MOVWF   GECIKME3
0095                  00195 DONGU2
0095   0BA0           00196         DECFSZ  GECIKME1,1
0096   2898           00197         GOTO    $+2
0097   0BA1           00198         DECFSZ  GECIKME2,1
0098   289A           00199         GOTO    $+2
0099   0BA2           00200         DECFSZ  GECIKME3,1
009A   2895           00201         GOTO    DONGU2
009B   0000           00202         NOP
009C   0000           00203         NOP
009D   0000           00204         NOP     
009E   0008           00205         RETURN
                      00206 
                      00207 
009F                  00208 KESME                   ; kesme vektoru
009F   00FD           00209         movwf   w_temp                  ; W n?n yedegini al
00A0   0803           00210         movf    STATUS,w                ; Status un yedegini almak icin onu once W ya al
00A1   00FE           00211         movwf   status_temp             ; Status u yedek register '?na al
00A2   080A           00212         movf    PCLATH,w                        ; PCLATH '? yedeklemek icin onu once W 'ya al
00A3   00FF           00213         movwf   pclath_temp                     ; PCLATH '? yedek register a al
                      00214 
00A4   087F           00215         movf    pclath_temp,w           ; Geri donmeden once tum yedekleri geri yukle
00A5   008A           00216         movwf   PCLATH                          
00A6   087E           00217         movf    status_temp,w           
00A7   0083           00218         movwf   STATUS                  
00A8   0EFD           00219         swapf   w_temp,f
00A9   0E7D           00220         swapf   w_temp,w                
00AA   0009           00221         retfie                          ; Kesme 'den don
Warning[205]: Found directive in column 1. (END)
                      00222 END
MPASM  5.50                         SNAKE.ASM   11-5-2019  6:19:06         PAGE  8


SYMBOL TABLE
  LABEL                             VALUE 

ACKDT                             00000005
ACKEN                             00000004
ACKSTAT                           00000006
ADCON0                            0000001F
ADCON1                            0000009F
ADCS0                             00000006
ADCS1                             00000007
ADCS2                             00000006
ADDEN                             00000003
ADFM                              00000007
ADIE                              00000006
ADIF                              00000006
ADON                              00000000
ADRESH                            0000001E
ADRESL                            0000009E
ALTTASMA                          00000042
ARKAB                             00000035
ARKAC                             00000036
ASAGI                             00000059
BASB                              00000039
BASC                              00000040
BASLA                             0000002F
BCLIE                             00000003
BCLIF                             00000003
BF                                00000000
BRGH                              00000002
BUTONGECIKME                      0000008F
C                                 00000000
C1INV                             00000004
C1OUT                             00000006
C2INV                             00000005
C2OUT                             00000007
CCP1CON                           00000017
CCP1IE                            00000002
CCP1IF                            00000002
CCP1M0                            00000000
CCP1M1                            00000001
CCP1M2                            00000002
CCP1M3                            00000003
CCP1X                             00000005
CCP1Y                             00000004
CCP2CON                           0000001D
CCP2IE                            00000000
CCP2IF                            00000000
CCP2M0                            00000000
CCP2M1                            00000001
CCP2M2                            00000002
CCP2M3                            00000003
CCP2X                             00000005
CCP2Y                             00000004
CCPR1                             00000015
CCPR1H                            00000016
CCPR1L                            00000015
MPASM  5.50                         SNAKE.ASM   11-5-2019  6:19:06         PAGE  9


SYMBOL TABLE
  LABEL                             VALUE 

CCPR2                             0000001B
CCPR2H                            0000001C
CCPR2L                            0000001B
CHS0                              00000003
CHS1                              00000004
CHS2                              00000005
CIS                               00000003
CKE                               00000006
CKP                               00000004
CM0                               00000000
CM1                               00000001
CM2                               00000002
CMCON                             0000009C
CMIE                              00000006
CMIF                              00000006
CREN                              00000004
CSRC                              00000007
CVR0                              00000000
CVR1                              00000001
CVR2                              00000002
CVR3                              00000003
CVRCON                            0000009D
CVREN                             00000007
CVROE                             00000006
CVRR                              00000005
D                                 00000005
DATA_ADDRESS                      00000005
DC                                00000001
DONGU1                            0000008A
DONGU2                            00000095
D_A                               00000005
D_NOT_A                           00000005
EEADR                             0000010D
EEADRH                            0000010F
EECON1                            0000018C
EECON2                            0000018D
EEDATA                            0000010C
EEDATH                            0000010E
EEIE                              00000004
EEIF                              00000004
EEPGD                             00000007
F                                 00000001
FERR                              00000002
FSR                               00000004
GCEN                              00000007
GECIKME                           00000086
GECIKME1                          00000020
GECIKME2                          00000021
GECIKME3                          00000022
GIE                               00000007
GO                                00000002
GO_DONE                           00000002
GO_NOT_DONE                       00000002
MPASM  5.50                         SNAKE.ASM   11-5-2019  6:19:06         PAGE 10


SYMBOL TABLE
  LABEL                             VALUE 

I2C_DATA                          00000005
I2C_READ                          00000002
I2C_START                         00000003
I2C_STOP                          00000004
IBF                               00000007
IBOV                              00000005
ILKKURULUM                        0000001A
INDF                              00000000
INTCON                            0000000B
INTE                              00000004
INTEDG                            00000006
INTF                              00000001
IRP                               00000007
KESME                             0000009F
NOT_A                             00000005
NOT_ADDRESS                       00000005
NOT_BO                            00000000
NOT_BOR                           00000000
NOT_DONE                          00000002
NOT_PD                            00000003
NOT_POR                           00000001
NOT_RBPU                          00000007
NOT_RC8                           00000006
NOT_T1SYNC                        00000002
NOT_TO                            00000004
NOT_TX8                           00000006
NOT_W                             00000002
NOT_WRITE                         00000002
OBF                               00000006
OERR                              00000001
OPTION_REG                        00000081
ORTAB                             00000037
ORTAC                             00000038
P                                 00000004
PCFG0                             00000000
PCFG1                             00000001
PCFG2                             00000002
PCFG3                             00000003
PCL                               00000002
PCLATH                            0000000A
PCON                              0000008E
PEIE                              00000006
PEN                               00000002
PIE1                              0000008C
PIE2                              0000008D
PIR1                              0000000C
PIR2                              0000000D
PORTA                             00000005
PORTB                             00000006
PORTC                             00000007
PORTD                             00000008
PORTE                             00000009
PR2                               00000092
MPASM  5.50                         SNAKE.ASM   11-5-2019  6:19:06         PAGE 11


SYMBOL TABLE
  LABEL                             VALUE 

PS0                               00000000
PS1                               00000001
PS2                               00000002
PSA                               00000003
PSPIE                             00000007
PSPIF                             00000007
PSPMODE                           00000004
R                                 00000002
RA0                               00000000
RA1                               00000001
RA2                               00000002
RA3                               00000003
RA4                               00000004
RA5                               00000005
RB0                               00000000
RB1                               00000001
RB2                               00000002
RB3                               00000003
RB4                               00000004
RB5                               00000005
RB6                               00000006
RB7                               00000007
RBIE                              00000003
RBIF                              00000000
RC0                               00000000
RC1                               00000001
RC2                               00000002
RC3                               00000003
RC4                               00000004
RC5                               00000005
RC6                               00000006
RC7                               00000007
RC8_9                             00000006
RC9                               00000006
RCD8                              00000000
RCEN                              00000003
RCIE                              00000005
RCIF                              00000005
RCREG                             0000001A
RCSTA                             00000018
RD                                00000000
RD0                               00000000
RD1                               00000001
RD2                               00000002
RD3                               00000003
RD4                               00000004
RD5                               00000005
RD6                               00000006
RD7                               00000007
RE0                               00000000
RE1                               00000001
RE2                               00000002
READ_WRITE                        00000002
MPASM  5.50                         SNAKE.ASM   11-5-2019  6:19:06         PAGE 12


SYMBOL TABLE
  LABEL                             VALUE 

RP0                               00000005
RP1                               00000006
RSEN                              00000001
RX9                               00000006
RX9D                              00000000
R_NOT_W                           00000002
R_W                               00000002
S                                 00000003
SAG                               00000077
SAGTASMA                          00000044
SEN                               00000000
SETUP                             00000005
SMP                               00000007
SOL                               00000068
SOLTASMA                          00000043
SPBRG                             00000099
SPEN                              00000007
SREN                              00000005
SSPADD                            00000093
SSPBUF                            00000013
SSPCON                            00000014
SSPCON2                           00000091
SSPEN                             00000005
SSPIE                             00000003
SSPIF                             00000003
SSPM0                             00000000
SSPM1                             00000001
SSPM2                             00000002
SSPM3                             00000003
SSPOV                             00000006
SSPSTAT                           00000094
STATUS                            00000003
SYNC                              00000004
T0CS                              00000005
T0IE                              00000005
T0IF                              00000002
T0SE                              00000004
T1CKPS0                           00000004
T1CKPS1                           00000005
T1CON                             00000010
T1INSYNC                          00000002
T1OSCEN                           00000003
T1SYNC                            00000002
T2CKPS0                           00000000
T2CKPS1                           00000001
T2CON                             00000012
TMR0                              00000001
TMR0IE                            00000005
TMR0IF                            00000002
TMR1                              0000000E
TMR1CS                            00000001
TMR1H                             0000000F
TMR1IE                            00000000
MPASM  5.50                         SNAKE.ASM   11-5-2019  6:19:06         PAGE 13


SYMBOL TABLE
  LABEL                             VALUE 

TMR1IF                            00000000
TMR1L                             0000000E
TMR1ON                            00000000
TMR2                              00000011
TMR2IE                            00000001
TMR2IF                            00000001
TMR2ON                            00000002
TOUTPS0                           00000003
TOUTPS1                           00000004
TOUTPS2                           00000005
TOUTPS3                           00000006
TRISA                             00000085
TRISA0                            00000000
TRISA1                            00000001
TRISA2                            00000002
TRISA3                            00000003
TRISA4                            00000004
TRISA5                            00000005
TRISB                             00000086
TRISB0                            00000000
TRISB1                            00000001
TRISB2                            00000002
TRISB3                            00000003
TRISB4                            00000004
TRISB5                            00000005
TRISB6                            00000006
TRISB7                            00000007
TRISC                             00000087
TRISC0                            00000000
TRISC1                            00000001
TRISC2                            00000002
TRISC3                            00000003
TRISC4                            00000004
TRISC5                            00000005
TRISC6                            00000006
TRISC7                            00000007
TRISD                             00000088
TRISD0                            00000000
TRISD1                            00000001
TRISD2                            00000002
TRISD3                            00000003
TRISD4                            00000004
TRISD5                            00000005
TRISD6                            00000006
TRISD7                            00000007
TRISE                             00000089
TRISE0                            00000000
TRISE1                            00000001
TRISE2                            00000002
TRMT                              00000001
TX8_9                             00000006
TX9                               00000006
TX9D                              00000000
MPASM  5.50                         SNAKE.ASM   11-5-2019  6:19:06         PAGE 14


SYMBOL TABLE
  LABEL                             VALUE 

TXD8                              00000000
TXEN                              00000005
TXIE                              00000004
TXIF                              00000004
TXREG                             00000019
TXSTA                             00000098
UA                                00000001
USTTASMA                          00000041
W                                 00000000
WCOL                              00000007
WR                                00000001
WREN                              00000002
WRERR                             00000003
YUKARI                            0000004A
Z                                 00000002
_BODEN_OFF                        00003FBF
_BODEN_ON                         00003FFF
_BOREN_OFF                        00003FBF
_BOREN_ON                         00003FFF
_CONFIG                           00002007
_CPD_OFF                          00003FFF
_CPD_ON                           00003EFF
_CP_ALL                           00001FFF
_CP_OFF                           00003FFF
_CP_ON                            00001FFF
_DEBUG_OFF                        00003FFF
_DEBUG_ON                         000037FF
_DEVID1                           00002006
_FOSC_EXTRC                       00003FFF
_FOSC_HS                          00003FFE
_FOSC_LP                          00003FFC
_FOSC_XT                          00003FFD
_HS_OSC                           00003FFE
_IDLOC0                           00002000
_IDLOC1                           00002001
_IDLOC2                           00002002
_IDLOC3                           00002003
_LP_OSC                           00003FFC
_LVP_OFF                          00003F7F
_LVP_ON                           00003FFF
_PWRTE_OFF                        00003FFF
_PWRTE_ON                         00003FF7
_RC_OSC                           00003FFF
_WDTE_OFF                         00003FFB
_WDTE_ON                          00003FFF
_WDT_OFF                          00003FFB
_WDT_ON                           00003FFF
_WRT_1FOURTH                      00003BFF
_WRT_256                          00003DFF
_WRT_HALF                         000039FF
_WRT_OFF                          00003FFF
_XT_OSC                           00003FFD
__16F877A                         00000001
MPASM  5.50                         SNAKE.ASM   11-5-2019  6:19:06         PAGE 15


SYMBOL TABLE
  LABEL                             VALUE 

__DEBUG                           1
pclath_temp                       0000007F
status_temp                       0000007E
w_temp                            0000007D


MEMORY USAGE MAP ('X' = Used,  '-' = Unused)

0000 : X---XXXXXXXXXXXX XXXXXXXXXXXXXXXX XXXXXXXXXXXXXXXX XXXXXXXXXXXXXXXX
0040 : XXXXXXXXXXXXXXXX XXXXXXXXXXXXXXXX XXXXXXXXXXXXXXXX XXXXXXXXXXXXXXXX
0080 : XXXXXXXXXXXXXXXX XXXXXXXXXXXXXXXX XXXXXXXXXXX----- ----------------
2000 : -------X-------- ---------------- ---------------- ----------------

All other memory blocks unused.

Program Memory Words Used:   168
Program Memory Words Free:  8024


Errors   :     0
Warnings :   130 reported,     0 suppressed
Messages :     4 reported,     0 suppressed

