Warning[205] C:\USERS\ILKERPC\DESKTOP\MYFILES\APPS\ASSEMBLY PROJECTS\MIKRO\2019 DENEYLERI\ÖDEVLER\IKINCIDENEY\SNAKE.ASM 1 : Found directive in column 1. (list)
Warning[205] C:\USERS\ILKERPC\DESKTOP\MYFILES\APPS\ASSEMBLY PROJECTS\MIKRO\2019 DENEYLERI\ÖDEVLER\IKINCIDENEY\SNAKE.ASM 3 : Found directive in column 1. (__CONFIG)
Warning[205] C:\USERS\ILKERPC\DESKTOP\MYFILES\APPS\ASSEMBLY PROJECTS\MIKRO\2019 DENEYLERI\ÖDEVLER\IKINCIDENEY\SNAKE.ASM 24 : Found directive in column 1. (ORG)
Warning[203] C:\USERS\ILKERPC\DESKTOP\MYFILES\APPS\ASSEMBLY PROJECTS\MIKRO\2019 DENEYLERI\ÖDEVLER\IKINCIDENEY\SNAKE.ASM 25 : Found opcode in column 1. (GOTO)
Warning[205] C:\USERS\ILKERPC\DESKTOP\MYFILES\APPS\ASSEMBLY PROJECTS\MIKRO\2019 DENEYLERI\ÖDEVLER\IKINCIDENEY\SNAKE.ASM 26 : Found directive in column 1. (ORG)
Warning[203] C:\USERS\ILKERPC\DESKTOP\MYFILES\APPS\ASSEMBLY PROJECTS\MIKRO\2019 DENEYLERI\ÖDEVLER\IKINCIDENEY\SNAKE.ASM 27 : Found opcode in column 1. (GOTO)
Warning[205] C:\USERS\ILKERPC\DESKTOP\MYFILES\APPS\ASSEMBLY PROJECTS\MIKRO\2019 DENEYLERI\ÖDEVLER\IKINCIDENEY\SNAKE.ASM 30 : Found directive in column 1. (BANKSEL)
Warning[203] C:\USERS\ILKERPC\DESKTOP\MYFILES\APPS\ASSEMBLY PROJECTS\MIKRO\2019 DENEYLERI\ÖDEVLER\IKINCIDENEY\SNAKE.ASM 31 : Found opcode in column 1. (MOVLW)
Warning[203] C:\USERS\ILKERPC\DESKTOP\MYFILES\APPS\ASSEMBLY PROJECTS\MIKRO\2019 DENEYLERI\ÖDEVLER\IKINCIDENEY\SNAKE.ASM 32 : Found opcode in column 1. (MOVWF)
Message[302] C:\USERS\ILKERPC\DESKTOP\MYFILES\APPS\ASSEMBLY PROJECTS\MIKRO\2019 DENEYLERI\ÖDEVLER\IKINCIDENEY\SNAKE.ASM 32 : Register in operand not in bank 0.  Ensure that bank bits are correct.
Warning[205] C:\USERS\ILKERPC\DESKTOP\MYFILES\APPS\ASSEMBLY PROJECTS\MIKRO\2019 DENEYLERI\ÖDEVLER\IKINCIDENEY\SNAKE.ASM 33 : Found directive in column 1. (BANKSEL)
Warning[203] C:\USERS\ILKERPC\DESKTOP\MYFILES\APPS\ASSEMBLY PROJECTS\MIKRO\2019 DENEYLERI\ÖDEVLER\IKINCIDENEY\SNAKE.ASM 34 : Found opcode in column 1. (MOVLW)
Warning[203] C:\USERS\ILKERPC\DESKTOP\MYFILES\APPS\ASSEMBLY PROJECTS\MIKRO\2019 DENEYLERI\ÖDEVLER\IKINCIDENEY\SNAKE.ASM 35 : Found opcode in column 1. (MOVWF)
Message[302] C:\USERS\ILKERPC\DESKTOP\MYFILES\APPS\ASSEMBLY PROJECTS\MIKRO\2019 DENEYLERI\ÖDEVLER\IKINCIDENEY\SNAKE.ASM 35 : Register in operand not in bank 0.  Ensure that bank bits are correct.
Warning[205] C:\USERS\ILKERPC\DESKTOP\MYFILES\APPS\ASSEMBLY PROJECTS\MIKRO\2019 DENEYLERI\ÖDEVLER\IKINCIDENEY\SNAKE.ASM 36 : Found directive in column 1. (BANKSEL)
Warning[203] C:\USERS\ILKERPC\DESKTOP\MYFILES\APPS\ASSEMBLY PROJECTS\MIKRO\2019 DENEYLERI\ÖDEVLER\IKINCIDENEY\SNAKE.ASM 37 : Found opcode in column 1. (CLRF)
Message[302] C:\USERS\ILKERPC\DESKTOP\MYFILES\APPS\ASSEMBLY PROJECTS\MIKRO\2019 DENEYLERI\ÖDEVLER\IKINCIDENEY\SNAKE.ASM 37 : Register in operand not in bank 0.  Ensure that bank bits are correct.
Warning[205] C:\USERS\ILKERPC\DESKTOP\MYFILES\APPS\ASSEMBLY PROJECTS\MIKRO\2019 DENEYLERI\ÖDEVLER\IKINCIDENEY\SNAKE.ASM 38 : Found directive in column 1. (BANKSEL)
Warning[203] C:\USERS\ILKERPC\DESKTOP\MYFILES\APPS\ASSEMBLY PROJECTS\MIKRO\2019 DENEYLERI\ÖDEVLER\IKINCIDENEY\SNAKE.ASM 39 : Found opcode in column 1. (CLRF)
Message[302] C:\USERS\ILKERPC\DESKTOP\MYFILES\APPS\ASSEMBLY PROJECTS\MIKRO\2019 DENEYLERI\ÖDEVLER\IKINCIDENEY\SNAKE.ASM 39 : Register in operand not in bank 0.  Ensure that bank bits are correct.
Warning[205] C:\USERS\ILKERPC\DESKTOP\MYFILES\APPS\ASSEMBLY PROJECTS\MIKRO\2019 DENEYLERI\ÖDEVLER\IKINCIDENEY\SNAKE.ASM 40 : Found directive in column 1. (BANKSEL)
Warning[203] C:\USERS\ILKERPC\DESKTOP\MYFILES\APPS\ASSEMBLY PROJECTS\MIKRO\2019 DENEYLERI\ÖDEVLER\IKINCIDENEY\SNAKE.ASM 41 : Found opcode in column 1. (CLRF)
Warning[205] C:\USERS\ILKERPC\DESKTOP\MYFILES\APPS\ASSEMBLY PROJECTS\MIKRO\2019 DENEYLERI\ÖDEVLER\IKINCIDENEY\SNAKE.ASM 42 : Found directive in column 1. (BANKSEL)
Warning[203] C:\USERS\ILKERPC\DESKTOP\MYFILES\APPS\ASSEMBLY PROJECTS\MIKRO\2019 DENEYLERI\ÖDEVLER\IKINCIDENEY\SNAKE.ASM 43 : Found opcode in column 1. (CLRF)
Warning[203] C:\USERS\ILKERPC\DESKTOP\MYFILES\APPS\ASSEMBLY PROJECTS\MIKRO\2019 DENEYLERI\ÖDEVLER\IKINCIDENEY\SNAKE.ASM 44 : Found opcode in column 1. (GOTO)
Warning[203] C:\USERS\ILKERPC\DESKTOP\MYFILES\APPS\ASSEMBLY PROJECTS\MIKRO\2019 DENEYLERI\ÖDEVLER\IKINCIDENEY\SNAKE.ASM 47 : Found opcode in column 1. (MOVLW)
Warning[203] C:\USERS\ILKERPC\DESKTOP\MYFILES\APPS\ASSEMBLY PROJECTS\MIKRO\2019 DENEYLERI\ÖDEVLER\IKINCIDENEY\SNAKE.ASM 48 : Found opcode in column 1. (MOVWF)
Warning[203] C:\USERS\ILKERPC\DESKTOP\MYFILES\APPS\ASSEMBLY PROJECTS\MIKRO\2019 DENEYLERI\ÖDEVLER\IKINCIDENEY\SNAKE.ASM 49 : Found opcode in column 1. (MOVLW)
Warning[203] C:\USERS\ILKERPC\DESKTOP\MYFILES\APPS\ASSEMBLY PROJECTS\MIKRO\2019 DENEYLERI\ÖDEVLER\IKINCIDENEY\SNAKE.ASM 50 : Found opcode in column 1. (MOVWF)
Warning[203] C:\USERS\ILKERPC\DESKTOP\MYFILES\APPS\ASSEMBLY PROJECTS\MIKRO\2019 DENEYLERI\ÖDEVLER\IKINCIDENEY\SNAKE.ASM 51 : Found opcode in column 1. (MOVLW)
Warning[203] C:\USERS\ILKERPC\DESKTOP\MYFILES\APPS\ASSEMBLY PROJECTS\MIKRO\2019 DENEYLERI\ÖDEVLER\IKINCIDENEY\SNAKE.ASM 52 : Found opcode in column 1. (MOVWF)
Warning[203] C:\USERS\ILKERPC\DESKTOP\MYFILES\APPS\ASSEMBLY PROJECTS\MIKRO\2019 DENEYLERI\ÖDEVLER\IKINCIDENEY\SNAKE.ASM 53 : Found opcode in column 1. (MOVLW)
Warning[203] C:\USERS\ILKERPC\DESKTOP\MYFILES\APPS\ASSEMBLY PROJECTS\MIKRO\2019 DENEYLERI\ÖDEVLER\IKINCIDENEY\SNAKE.ASM 54 : Found opcode in column 1. (MOVWF)
Warning[203] C:\USERS\ILKERPC\DESKTOP\MYFILES\APPS\ASSEMBLY PROJECTS\MIKRO\2019 DENEYLERI\ÖDEVLER\IKINCIDENEY\SNAKE.ASM 55 : Found opcode in column 1. (MOVLW)
Warning[203] C:\USERS\ILKERPC\DESKTOP\MYFILES\APPS\ASSEMBLY PROJECTS\MIKRO\2019 DENEYLERI\ÖDEVLER\IKINCIDENEY\SNAKE.ASM 56 : Found opcode in column 1. (MOVWF)
Warning[203] C:\USERS\ILKERPC\DESKTOP\MYFILES\APPS\ASSEMBLY PROJECTS\MIKRO\2019 DENEYLERI\ÖDEVLER\IKINCIDENEY\SNAKE.ASM 57 : Found opcode in column 1. (MOVLW)
Warning[203] C:\USERS\ILKERPC\DESKTOP\MYFILES\APPS\ASSEMBLY PROJECTS\MIKRO\2019 DENEYLERI\ÖDEVLER\IKINCIDENEY\SNAKE.ASM 58 : Found opcode in column 1. (MOVWF)
Warning[203] C:\USERS\ILKERPC\DESKTOP\MYFILES\APPS\ASSEMBLY PROJECTS\MIKRO\2019 DENEYLERI\ÖDEVLER\IKINCIDENEY\SNAKE.ASM 59 : Found opcode in column 1. (MOVLW)
Warning[203] C:\USERS\ILKERPC\DESKTOP\MYFILES\APPS\ASSEMBLY PROJECTS\MIKRO\2019 DENEYLERI\ÖDEVLER\IKINCIDENEY\SNAKE.ASM 60 : Found opcode in column 1. (MOVWF)
Warning[203] C:\USERS\ILKERPC\DESKTOP\MYFILES\APPS\ASSEMBLY PROJECTS\MIKRO\2019 DENEYLERI\ÖDEVLER\IKINCIDENEY\SNAKE.ASM 61 : Found opcode in column 1. (MOVLW)
Warning[203] C:\USERS\ILKERPC\DESKTOP\MYFILES\APPS\ASSEMBLY PROJECTS\MIKRO\2019 DENEYLERI\ÖDEVLER\IKINCIDENEY\SNAKE.ASM 62 : Found opcode in column 1. (MOVWF)
Warning[203] C:\USERS\ILKERPC\DESKTOP\MYFILES\APPS\ASSEMBLY PROJECTS\MIKRO\2019 DENEYLERI\ÖDEVLER\IKINCIDENEY\SNAKE.ASM 63 : Found opcode in column 1. (MOVLW)
Warning[203] C:\USERS\ILKERPC\DESKTOP\MYFILES\APPS\ASSEMBLY PROJECTS\MIKRO\2019 DENEYLERI\ÖDEVLER\IKINCIDENEY\SNAKE.ASM 64 : Found opcode in column 1. (MOVWF)
Warning[203] C:\USERS\ILKERPC\DESKTOP\MYFILES\APPS\ASSEMBLY PROJECTS\MIKRO\2019 DENEYLERI\ÖDEVLER\IKINCIDENEY\SNAKE.ASM 65 : Found opcode in column 1. (MOVLW)
Warning[203] C:\USERS\ILKERPC\DESKTOP\MYFILES\APPS\ASSEMBLY PROJECTS\MIKRO\2019 DENEYLERI\ÖDEVLER\IKINCIDENEY\SNAKE.ASM 66 : Found opcode in column 1. (MOVWF)
Warning[203] C:\USERS\ILKERPC\DESKTOP\MYFILES\APPS\ASSEMBLY PROJECTS\MIKRO\2019 DENEYLERI\ÖDEVLER\IKINCIDENEY\SNAKE.ASM 68 : Found opcode in column 1. (GOTO)
Warning[203] C:\USERS\ILKERPC\DESKTOP\MYFILES\APPS\ASSEMBLY PROJECTS\MIKRO\2019 DENEYLERI\ÖDEVLER\IKINCIDENEY\SNAKE.ASM 71 : Found opcode in column 1. (BCF)
Warning[203] C:\USERS\ILKERPC\DESKTOP\MYFILES\APPS\ASSEMBLY PROJECTS\MIKRO\2019 DENEYLERI\ÖDEVLER\IKINCIDENEY\SNAKE.ASM 72 : Found opcode in column 1. (BCF)
Warning[203] C:\USERS\ILKERPC\DESKTOP\MYFILES\APPS\ASSEMBLY PROJECTS\MIKRO\2019 DENEYLERI\ÖDEVLER\IKINCIDENEY\SNAKE.ASM 74 : Found opcode in column 1. (BTFSS)
Warning[203] C:\USERS\ILKERPC\DESKTOP\MYFILES\APPS\ASSEMBLY PROJECTS\MIKRO\2019 DENEYLERI\ÖDEVLER\IKINCIDENEY\SNAKE.ASM 75 : Found opcode in column 1. (CALL)
Warning[203] C:\USERS\ILKERPC\DESKTOP\MYFILES\APPS\ASSEMBLY PROJECTS\MIKRO\2019 DENEYLERI\ÖDEVLER\IKINCIDENEY\SNAKE.ASM 76 : Found opcode in column 1. (BTFSS)
Warning[203] C:\USERS\ILKERPC\DESKTOP\MYFILES\APPS\ASSEMBLY PROJECTS\MIKRO\2019 DENEYLERI\ÖDEVLER\IKINCIDENEY\SNAKE.ASM 77 : Found opcode in column 1. (CALL)
Warning[203] C:\USERS\ILKERPC\DESKTOP\MYFILES\APPS\ASSEMBLY PROJECTS\MIKRO\2019 DENEYLERI\ÖDEVLER\IKINCIDENEY\SNAKE.ASM 78 : Found opcode in column 1. (BTFSS)
Warning[203] C:\USERS\ILKERPC\DESKTOP\MYFILES\APPS\ASSEMBLY PROJECTS\MIKRO\2019 DENEYLERI\ÖDEVLER\IKINCIDENEY\SNAKE.ASM 79 : Found opcode in column 1. (CALL)
Warning[203] C:\USERS\ILKERPC\DESKTOP\MYFILES\APPS\ASSEMBLY PROJECTS\MIKRO\2019 DENEYLERI\ÖDEVLER\IKINCIDENEY\SNAKE.ASM 80 : Found opcode in column 1. (BTFSS)
Warning[203] C:\USERS\ILKERPC\DESKTOP\MYFILES\APPS\ASSEMBLY PROJECTS\MIKRO\2019 DENEYLERI\ÖDEVLER\IKINCIDENEY\SNAKE.ASM 81 : Found opcode in column 1. (CALL)
Warning[203] C:\USERS\ILKERPC\DESKTOP\MYFILES\APPS\ASSEMBLY PROJECTS\MIKRO\2019 DENEYLERI\ÖDEVLER\IKINCIDENEY\SNAKE.ASM 82 : Found opcode in column 1. (CALL)
Warning[203] C:\USERS\ILKERPC\DESKTOP\MYFILES\APPS\ASSEMBLY PROJECTS\MIKRO\2019 DENEYLERI\ÖDEVLER\IKINCIDENEY\SNAKE.ASM 85 : Found opcode in column 1. (MOVF)
Warning[203] C:\USERS\ILKERPC\DESKTOP\MYFILES\APPS\ASSEMBLY PROJECTS\MIKRO\2019 DENEYLERI\ÖDEVLER\IKINCIDENEY\SNAKE.ASM 86 : Found opcode in column 1. (MOVWF)
Warning[203] C:\USERS\ILKERPC\DESKTOP\MYFILES\APPS\ASSEMBLY PROJECTS\MIKRO\2019 DENEYLERI\ÖDEVLER\IKINCIDENEY\SNAKE.ASM 87 : Found opcode in column 1. (MOVF)
Warning[203] C:\USERS\ILKERPC\DESKTOP\MYFILES\APPS\ASSEMBLY PROJECTS\MIKRO\2019 DENEYLERI\ÖDEVLER\IKINCIDENEY\SNAKE.ASM 88 : Found opcode in column 1. (MOVWF)
Warning[203] C:\USERS\ILKERPC\DESKTOP\MYFILES\APPS\ASSEMBLY PROJECTS\MIKRO\2019 DENEYLERI\ÖDEVLER\IKINCIDENEY\SNAKE.ASM 90 : Found opcode in column 1. (CALL)
Warning[203] C:\USERS\ILKERPC\DESKTOP\MYFILES\APPS\ASSEMBLY PROJECTS\MIKRO\2019 DENEYLERI\ÖDEVLER\IKINCIDENEY\SNAKE.ASM 92 : Found opcode in column 1. (MOVF)
Warning[203] C:\USERS\ILKERPC\DESKTOP\MYFILES\APPS\ASSEMBLY PROJECTS\MIKRO\2019 DENEYLERI\ÖDEVLER\IKINCIDENEY\SNAKE.ASM 93 : Found opcode in column 1. (MOVWF)
Warning[203] C:\USERS\ILKERPC\DESKTOP\MYFILES\APPS\ASSEMBLY PROJECTS\MIKRO\2019 DENEYLERI\ÖDEVLER\IKINCIDENEY\SNAKE.ASM 94 : Found opcode in column 1. (MOVF)
Warning[203] C:\USERS\ILKERPC\DESKTOP\MYFILES\APPS\ASSEMBLY PROJECTS\MIKRO\2019 DENEYLERI\ÖDEVLER\IKINCIDENEY\SNAKE.ASM 95 : Found opcode in column 1. (MOVWF)
Warning[203] C:\USERS\ILKERPC\DESKTOP\MYFILES\APPS\ASSEMBLY PROJECTS\MIKRO\2019 DENEYLERI\ÖDEVLER\IKINCIDENEY\SNAKE.ASM 97 : Found opcode in column 1. (CALL)
Warning[203] C:\USERS\ILKERPC\DESKTOP\MYFILES\APPS\ASSEMBLY PROJECTS\MIKRO\2019 DENEYLERI\ÖDEVLER\IKINCIDENEY\SNAKE.ASM 99 : Found opcode in column 1. (MOVF)
Warning[203] C:\USERS\ILKERPC\DESKTOP\MYFILES\APPS\ASSEMBLY PROJECTS\MIKRO\2019 DENEYLERI\ÖDEVLER\IKINCIDENEY\SNAKE.ASM 100 : Found opcode in column 1. (MOVWF)
Warning[203] C:\USERS\ILKERPC\DESKTOP\MYFILES\APPS\ASSEMBLY PROJECTS\MIKRO\2019 DENEYLERI\ÖDEVLER\IKINCIDENEY\SNAKE.ASM 101 : Found opcode in column 1. (MOVF)
Warning[203] C:\USERS\ILKERPC\DESKTOP\MYFILES\APPS\ASSEMBLY PROJECTS\MIKRO\2019 DENEYLERI\ÖDEVLER\IKINCIDENEY\SNAKE.ASM 102 : Found opcode in column 1. (MOVWF)
Warning[203] C:\USERS\ILKERPC\DESKTOP\MYFILES\APPS\ASSEMBLY PROJECTS\MIKRO\2019 DENEYLERI\ÖDEVLER\IKINCIDENEY\SNAKE.ASM 103 : Found opcode in column 1. (CALL)
Warning[203] C:\USERS\ILKERPC\DESKTOP\MYFILES\APPS\ASSEMBLY PROJECTS\MIKRO\2019 DENEYLERI\ÖDEVLER\IKINCIDENEY\SNAKE.ASM 104 : Found opcode in column 1. (GOTO)
Warning[203] C:\USERS\ILKERPC\DESKTOP\MYFILES\APPS\ASSEMBLY PROJECTS\MIKRO\2019 DENEYLERI\ÖDEVLER\IKINCIDENEY\SNAKE.ASM 107 : Found opcode in column 1. (MOVF)
Warning[203] C:\USERS\ILKERPC\DESKTOP\MYFILES\APPS\ASSEMBLY PROJECTS\MIKRO\2019 DENEYLERI\ÖDEVLER\IKINCIDENEY\SNAKE.ASM 108 : Found opcode in column 1. (MOVWF)
Warning[203] C:\USERS\ILKERPC\DESKTOP\MYFILES\APPS\ASSEMBLY PROJECTS\MIKRO\2019 DENEYLERI\ÖDEVLER\IKINCIDENEY\SNAKE.ASM 109 : Found opcode in column 1. (MOVF)
Warning[203] C:\USERS\ILKERPC\DESKTOP\MYFILES\APPS\ASSEMBLY PROJECTS\MIKRO\2019 DENEYLERI\ÖDEVLER\IKINCIDENEY\SNAKE.ASM 110 : Found opcode in column 1. (MOVWF)
Warning[203] C:\USERS\ILKERPC\DESKTOP\MYFILES\APPS\ASSEMBLY PROJECTS\MIKRO\2019 DENEYLERI\ÖDEVLER\IKINCIDENEY\SNAKE.ASM 111 : Found opcode in column 1. (MOVF)
Warning[203] C:\USERS\ILKERPC\DESKTOP\MYFILES\APPS\ASSEMBLY PROJECTS\MIKRO\2019 DENEYLERI\ÖDEVLER\IKINCIDENEY\SNAKE.ASM 112 : Found opcode in column 1. (MOVWF)
Warning[203] C:\USERS\ILKERPC\DESKTOP\MYFILES\APPS\ASSEMBLY PROJECTS\MIKRO\2019 DENEYLERI\ÖDEVLER\IKINCIDENEY\SNAKE.ASM 113 : Found opcode in column 1. (MOVF)
Warning[203] C:\USERS\ILKERPC\DESKTOP\MYFILES\APPS\ASSEMBLY PROJECTS\MIKRO\2019 DENEYLERI\ÖDEVLER\IKINCIDENEY\SNAKE.ASM 114 : Found opcode in column 1. (MOVWF)
Warning[203] C:\USERS\ILKERPC\DESKTOP\MYFILES\APPS\ASSEMBLY PROJECTS\MIKRO\2019 DENEYLERI\ÖDEVLER\IKINCIDENEY\SNAKE.ASM 115 : Found opcode in column 1. (BTFSC)
Warning[203] C:\USERS\ILKERPC\DESKTOP\MYFILES\APPS\ASSEMBLY PROJECTS\MIKRO\2019 DENEYLERI\ÖDEVLER\IKINCIDENEY\SNAKE.ASM 116 : Found opcode in column 1. (MOVF)
Warning[203] C:\USERS\ILKERPC\DESKTOP\MYFILES\APPS\ASSEMBLY PROJECTS\MIKRO\2019 DENEYLERI\ÖDEVLER\IKINCIDENEY\SNAKE.ASM 117 : Found opcode in column 1. (BTFSC)
Warning[203] C:\USERS\ILKERPC\DESKTOP\MYFILES\APPS\ASSEMBLY PROJECTS\MIKRO\2019 DENEYLERI\ÖDEVLER\IKINCIDENEY\SNAKE.ASM 118 : Found opcode in column 1. (MOVWF)
Warning[203] C:\USERS\ILKERPC\DESKTOP\MYFILES\APPS\ASSEMBLY PROJECTS\MIKRO\2019 DENEYLERI\ÖDEVLER\IKINCIDENEY\SNAKE.ASM 119 : Found opcode in column 1. (RRF)
Warning[203] C:\USERS\ILKERPC\DESKTOP\MYFILES\APPS\ASSEMBLY PROJECTS\MIKRO\2019 DENEYLERI\ÖDEVLER\IKINCIDENEY\SNAKE.ASM 120 : Found opcode in column 1. (CALL)
Warning[203] C:\USERS\ILKERPC\DESKTOP\MYFILES\APPS\ASSEMBLY PROJECTS\MIKRO\2019 DENEYLERI\ÖDEVLER\IKINCIDENEY\SNAKE.ASM 121 : Found opcode in column 1. (RETURN)
Warning[203] C:\USERS\ILKERPC\DESKTOP\MYFILES\APPS\ASSEMBLY PROJECTS\MIKRO\2019 DENEYLERI\ÖDEVLER\IKINCIDENEY\SNAKE.ASM 124 : Found opcode in column 1. (MOVF)
Warning[203] C:\USERS\ILKERPC\DESKTOP\MYFILES\APPS\ASSEMBLY PROJECTS\MIKRO\2019 DENEYLERI\ÖDEVLER\IKINCIDENEY\SNAKE.ASM 125 : Found opcode in column 1. (MOVWF)
Warning[203] C:\USERS\ILKERPC\DESKTOP\MYFILES\APPS\ASSEMBLY PROJECTS\MIKRO\2019 DENEYLERI\ÖDEVLER\IKINCIDENEY\SNAKE.ASM 126 : Found opcode in column 1. (MOVF)
Warning[203] C:\USERS\ILKERPC\DESKTOP\MYFILES\APPS\ASSEMBLY PROJECTS\MIKRO\2019 DENEYLERI\ÖDEVLER\IKINCIDENEY\SNAKE.ASM 127 : Found opcode in column 1. (MOVWF)
Warning[203] C:\USERS\ILKERPC\DESKTOP\MYFILES\APPS\ASSEMBLY PROJECTS\MIKRO\2019 DENEYLERI\ÖDEVLER\IKINCIDENEY\SNAKE.ASM 128 : Found opcode in column 1. (MOVF)
Warning[203] C:\USERS\ILKERPC\DESKTOP\MYFILES\APPS\ASSEMBLY PROJECTS\MIKRO\2019 DENEYLERI\ÖDEVLER\IKINCIDENEY\SNAKE.ASM 129 : Found opcode in column 1. (MOVWF)
Warning[203] C:\USERS\ILKERPC\DESKTOP\MYFILES\APPS\ASSEMBLY PROJECTS\MIKRO\2019 DENEYLERI\ÖDEVLER\IKINCIDENEY\SNAKE.ASM 130 : Found opcode in column 1. (MOVF)
Warning[203] C:\USERS\ILKERPC\DESKTOP\MYFILES\APPS\ASSEMBLY PROJECTS\MIKRO\2019 DENEYLERI\ÖDEVLER\IKINCIDENEY\SNAKE.ASM 131 : Found opcode in column 1. (MOVWF)
Warning[203] C:\USERS\ILKERPC\DESKTOP\MYFILES\APPS\ASSEMBLY PROJECTS\MIKRO\2019 DENEYLERI\ÖDEVLER\IKINCIDENEY\SNAKE.ASM 132 : Found opcode in column 1. (BTFSC)
Warning[203] C:\USERS\ILKERPC\DESKTOP\MYFILES\APPS\ASSEMBLY PROJECTS\MIKRO\2019 DENEYLERI\ÖDEVLER\IKINCIDENEY\SNAKE.ASM 133 : Found opcode in column 1. (MOVF)
Warning[203] C:\USERS\ILKERPC\DESKTOP\MYFILES\APPS\ASSEMBLY PROJECTS\MIKRO\2019 DENEYLERI\ÖDEVLER\IKINCIDENEY\SNAKE.ASM 134 : Found opcode in column 1. (BTFSC)
Warning[203] C:\USERS\ILKERPC\DESKTOP\MYFILES\APPS\ASSEMBLY PROJECTS\MIKRO\2019 DENEYLERI\ÖDEVLER\IKINCIDENEY\SNAKE.ASM 135 : Found opcode in column 1. (MOVWF)
Warning[203] C:\USERS\ILKERPC\DESKTOP\MYFILES\APPS\ASSEMBLY PROJECTS\MIKRO\2019 DENEYLERI\ÖDEVLER\IKINCIDENEY\SNAKE.ASM 136 : Found opcode in column 1. (RLF)
Warning[203] C:\USERS\ILKERPC\DESKTOP\MYFILES\APPS\ASSEMBLY PROJECTS\MIKRO\2019 DENEYLERI\ÖDEVLER\IKINCIDENEY\SNAKE.ASM 137 : Found opcode in column 1. (CALL)
Warning[203] C:\USERS\ILKERPC\DESKTOP\MYFILES\APPS\ASSEMBLY PROJECTS\MIKRO\2019 DENEYLERI\ÖDEVLER\IKINCIDENEY\SNAKE.ASM 138 : Found opcode in column 1. (RETURN)
Warning[203] C:\USERS\ILKERPC\DESKTOP\MYFILES\APPS\ASSEMBLY PROJECTS\MIKRO\2019 DENEYLERI\ÖDEVLER\IKINCIDENEY\SNAKE.ASM 141 : Found opcode in column 1. (MOVF)
Warning[203] C:\USERS\ILKERPC\DESKTOP\MYFILES\APPS\ASSEMBLY PROJECTS\MIKRO\2019 DENEYLERI\ÖDEVLER\IKINCIDENEY\SNAKE.ASM 142 : Found opcode in column 1. (MOVWF)
Warning[203] C:\USERS\ILKERPC\DESKTOP\MYFILES\APPS\ASSEMBLY PROJECTS\MIKRO\2019 DENEYLERI\ÖDEVLER\IKINCIDENEY\SNAKE.ASM 143 : Found opcode in column 1. (MOVF)
Warning[203] C:\USERS\ILKERPC\DESKTOP\MYFILES\APPS\ASSEMBLY PROJECTS\MIKRO\2019 DENEYLERI\ÖDEVLER\IKINCIDENEY\SNAKE.ASM 144 : Found opcode in column 1. (MOVWF)
Warning[203] C:\USERS\ILKERPC\DESKTOP\MYFILES\APPS\ASSEMBLY PROJECTS\MIKRO\2019 DENEYLERI\ÖDEVLER\IKINCIDENEY\SNAKE.ASM 145 : Found opcode in column 1. (MOVF)
Warning[203] C:\USERS\ILKERPC\DESKTOP\MYFILES\APPS\ASSEMBLY PROJECTS\MIKRO\2019 DENEYLERI\ÖDEVLER\IKINCIDENEY\SNAKE.ASM 146 : Found opcode in column 1. (MOVWF)
Warning[203] C:\USERS\ILKERPC\DESKTOP\MYFILES\APPS\ASSEMBLY PROJECTS\MIKRO\2019 DENEYLERI\ÖDEVLER\IKINCIDENEY\SNAKE.ASM 147 : Found opcode in column 1. (MOVF)
Warning[203] C:\USERS\ILKERPC\DESKTOP\MYFILES\APPS\ASSEMBLY PROJECTS\MIKRO\2019 DENEYLERI\ÖDEVLER\IKINCIDENEY\SNAKE.ASM 148 : Found opcode in column 1. (MOVWF)
Warning[203] C:\USERS\ILKERPC\DESKTOP\MYFILES\APPS\ASSEMBLY PROJECTS\MIKRO\2019 DENEYLERI\ÖDEVLER\IKINCIDENEY\SNAKE.ASM 149 : Found opcode in column 1. (BTFSC)
Warning[203] C:\USERS\ILKERPC\DESKTOP\MYFILES\APPS\ASSEMBLY PROJECTS\MIKRO\2019 DENEYLERI\ÖDEVLER\IKINCIDENEY\SNAKE.ASM 150 : Found opcode in column 1. (MOVF)
Warning[203] C:\USERS\ILKERPC\DESKTOP\MYFILES\APPS\ASSEMBLY PROJECTS\MIKRO\2019 DENEYLERI\ÖDEVLER\IKINCIDENEY\SNAKE.ASM 151 : Found opcode in column 1. (BTFSC)
Warning[203] C:\USERS\ILKERPC\DESKTOP\MYFILES\APPS\ASSEMBLY PROJECTS\MIKRO\2019 DENEYLERI\ÖDEVLER\IKINCIDENEY\SNAKE.ASM 152 : Found opcode in column 1. (MOVWF)
Warning[203] C:\USERS\ILKERPC\DESKTOP\MYFILES\APPS\ASSEMBLY PROJECTS\MIKRO\2019 DENEYLERI\ÖDEVLER\IKINCIDENEY\SNAKE.ASM 153 : Found opcode in column 1. (RRF)
Warning[203] C:\USERS\ILKERPC\DESKTOP\MYFILES\APPS\ASSEMBLY PROJECTS\MIKRO\2019 DENEYLERI\ÖDEVLER\IKINCIDENEY\SNAKE.ASM 154 : Found opcode in column 1. (CALL)
Warning[203] C:\USERS\ILKERPC\DESKTOP\MYFILES\APPS\ASSEMBLY PROJECTS\MIKRO\2019 DENEYLERI\ÖDEVLER\IKINCIDENEY\SNAKE.ASM 155 : Found opcode in column 1. (RETURN)
Warning[203] C:\USERS\ILKERPC\DESKTOP\MYFILES\APPS\ASSEMBLY PROJECTS\MIKRO\2019 DENEYLERI\ÖDEVLER\IKINCIDENEY\SNAKE.ASM 158 : Found opcode in column 1. (MOVF)
Warning[203] C:\USERS\ILKERPC\DESKTOP\MYFILES\APPS\ASSEMBLY PROJECTS\MIKRO\2019 DENEYLERI\ÖDEVLER\IKINCIDENEY\SNAKE.ASM 159 : Found opcode in column 1. (MOVWF)
Warning[203] C:\USERS\ILKERPC\DESKTOP\MYFILES\APPS\ASSEMBLY PROJECTS\MIKRO\2019 DENEYLERI\ÖDEVLER\IKINCIDENEY\SNAKE.ASM 160 : Found opcode in column 1. (MOVF)
Warning[203] C:\USERS\ILKERPC\DESKTOP\MYFILES\APPS\ASSEMBLY PROJECTS\MIKRO\2019 DENEYLERI\ÖDEVLER\IKINCIDENEY\SNAKE.ASM 161 : Found opcode in column 1. (MOVWF)
Warning[203] C:\USERS\ILKERPC\DESKTOP\MYFILES\APPS\ASSEMBLY PROJECTS\MIKRO\2019 DENEYLERI\ÖDEVLER\IKINCIDENEY\SNAKE.ASM 162 : Found opcode in column 1. (MOVF)
Warning[203] C:\USERS\ILKERPC\DESKTOP\MYFILES\APPS\ASSEMBLY PROJECTS\MIKRO\2019 DENEYLERI\ÖDEVLER\IKINCIDENEY\SNAKE.ASM 163 : Found opcode in column 1. (MOVWF)
Warning[203] C:\USERS\ILKERPC\DESKTOP\MYFILES\APPS\ASSEMBLY PROJECTS\MIKRO\2019 DENEYLERI\ÖDEVLER\IKINCIDENEY\SNAKE.ASM 164 : Found opcode in column 1. (MOVF)
Warning[203] C:\USERS\ILKERPC\DESKTOP\MYFILES\APPS\ASSEMBLY PROJECTS\MIKRO\2019 DENEYLERI\ÖDEVLER\IKINCIDENEY\SNAKE.ASM 165 : Found opcode in column 1. (MOVWF)
Warning[203] C:\USERS\ILKERPC\DESKTOP\MYFILES\APPS\ASSEMBLY PROJECTS\MIKRO\2019 DENEYLERI\ÖDEVLER\IKINCIDENEY\SNAKE.ASM 166 : Found opcode in column 1. (BTFSC)
Warning[203] C:\USERS\ILKERPC\DESKTOP\MYFILES\APPS\ASSEMBLY PROJECTS\MIKRO\2019 DENEYLERI\ÖDEVLER\IKINCIDENEY\SNAKE.ASM 167 : Found opcode in column 1. (MOVF)
Warning[203] C:\USERS\ILKERPC\DESKTOP\MYFILES\APPS\ASSEMBLY PROJECTS\MIKRO\2019 DENEYLERI\ÖDEVLER\IKINCIDENEY\SNAKE.ASM 168 : Found opcode in column 1. (BTFSC)
Warning[203] C:\USERS\ILKERPC\DESKTOP\MYFILES\APPS\ASSEMBLY PROJECTS\MIKRO\2019 DENEYLERI\ÖDEVLER\IKINCIDENEY\SNAKE.ASM 169 : Found opcode in column 1. (MOVWF)
Warning[203] C:\USERS\ILKERPC\DESKTOP\MYFILES\APPS\ASSEMBLY PROJECTS\MIKRO\2019 DENEYLERI\ÖDEVLER\IKINCIDENEY\SNAKE.ASM 170 : Found opcode in column 1. (RLF)
Warning[203] C:\USERS\ILKERPC\DESKTOP\MYFILES\APPS\ASSEMBLY PROJECTS\MIKRO\2019 DENEYLERI\ÖDEVLER\IKINCIDENEY\SNAKE.ASM 171 : Found opcode in column 1. (CALL)
Warning[203] C:\USERS\ILKERPC\DESKTOP\MYFILES\APPS\ASSEMBLY PROJECTS\MIKRO\2019 DENEYLERI\ÖDEVLER\IKINCIDENEY\SNAKE.ASM 172 : Found opcode in column 1. (RETURN)
Warning[205] C:\USERS\ILKERPC\DESKTOP\MYFILES\APPS\ASSEMBLY PROJECTS\MIKRO\2019 DENEYLERI\ÖDEVLER\IKINCIDENEY\SNAKE.ASM 222 : Found directive in column 1. (END)
